
sourcing "nvim_exec2()"
finished sourcing nvim_exec2()
sourcing "/nix/store/p3cpz8p3ykz8q8mmp4rpa5mzw6gkkp13-neovim-unwrapped-0.12.1/share/nvim/runtime/ftplugin.vim"
finished sourcing /nix/store/p3cpz8p3ykz8q8mmp4rpa5mzw6gkkp13-neovim-unwrapped-0.12.1/share/nvim/runtime/ftplugin.vim
sourcing "/nix/store/p3cpz8p3ykz8q8mmp4rpa5mzw6gkkp13-neovim-unwrapped-0.12.1/share/nvim/runtime/indent.vim"
finished sourcing /nix/store/p3cpz8p3ykz8q8mmp4rpa5mzw6gkkp13-neovim-unwrapped-0.12.1/share/nvim/runtime/indent.vim
could not source "/etc/xdg/nvim/sysinit.vim"
could not source "/home/hiengyen/.local/share/flatpak/exports/etc/xdg/nvim/sysinit.vim"
could not source "/var/lib/flatpak/exports/etc/xdg/nvim/sysinit.vim"
could not source "/home/hiengyen/.nix-profile/etc/xdg/nvim/sysinit.vim"
could not source "/nix/profile/etc/xdg/nvim/sysinit.vim"
could not source "/home/hiengyen/.local/state/nix/profile/etc/xdg/nvim/sysinit.vim"
could not source "/etc/profiles/per-user/hiengyen/etc/xdg/nvim/sysinit.vim"
could not source "/nix/var/nix/profiles/default/etc/xdg/nvim/sysinit.vim"
could not source "/run/current-system/sw/etc/xdg/nvim/sysinit.vim"
could not source "/nix/store/m7viqb8m80gbxkn7ffvn6l25iqgsib66-gnome-settings-daemon-49.1/etc/xdg/nvim/sysinit.vim"
could not source "$VIM/sysinit.vim"
sourcing "/home/hiengyen/.config/nvim/init.lua"
not found in 'packpath': "pack/*/start/guess-indent.nvim"
not found in 'packpath': "pack/*/start/gitsigns.nvim"
line 0: sourcing "/home/hiengyen/.local/share/nvim/site/pack/core/opt/gitsigns.nvim/plugin/gitsigns.lua"
finished sourcing /home/hiengyen/.local/share/nvim/site/pack/core/opt/gitsigns.nvim/plugin/gitsigns.lua
continuing in /home/hiengyen/nvim-not-lazy/init.lua
not found in 'packpath': "pack/*/start/which-key.nvim"
line 0: sourcing "/home/hiengyen/.local/share/nvim/site/pack/core/opt/which-key.nvim/plugin/which-key.lua"
finished sourcing /home/hiengyen/.local/share/nvim/site/pack/core/opt/which-key.nvim/plugin/which-key.lua
continuing in /home/hiengyen/nvim-not-lazy/init.lua
not found in 'packpath': "pack/*/start/plenary.nvim"
line 0: sourcing "/home/hiengyen/.local/share/nvim/site/pack/core/opt/plenary.nvim/plugin/plenary.vim"
finished sourcing /home/hiengyen/.local/share/nvim/site/pack/core/opt/plenary.nvim/plugin/plenary.vim
continuing in /home/hiengyen/nvim-not-lazy/init.lua
not found in 'packpath': "pack/*/start/telescope.nvim"
line 0: sourcing "/home/hiengyen/.local/share/nvim/site/pack/core/opt/telescope.nvim/plugin/telescope.lua"
finished sourcing /home/hiengyen/.local/share/nvim/site/pack/core/opt/telescope.nvim/plugin/telescope.lua
continuing in /home/hiengyen/nvim-not-lazy/init.lua
not found in 'packpath': "pack/*/start/telescope-fzf-native.nvim"
not found in 'packpath': "pack/*/start/telescope-ui-select.nvim"
not found in 'packpath': "pack/*/start/nvim-web-devicons"
line 0: sourcing "/home/hiengyen/.local/share/nvim/site/pack/core/opt/nvim-web-devicons/plugin/nvim-web-devicons.vim"
finished sourcing /home/hiengyen/.local/share/nvim/site/pack/core/opt/nvim-web-devicons/plugin/nvim-web-devicons.vim
continuing in /home/hiengyen/nvim-not-lazy/init.lua
not found in 'packpath': "pack/*/start/lazydev.nvim"
not found in 'packpath': "pack/*/start/nvim-lspconfig"
line 0: sourcing "/home/hiengyen/.local/share/nvim/site/pack/core/opt/nvim-lspconfig/plugin/lspconfig.lua"
finished sourcing /home/hiengyen/.local/share/nvim/site/pack/core/opt/nvim-lspconfig/plugin/lspconfig.lua
continuing in /home/hiengyen/nvim-not-lazy/init.lua
not found in 'packpath': "pack/*/start/mason.nvim"
not found in 'packpath': "pack/*/start/mason-lspconfig.nvim"
not found in 'packpath': "pack/*/start/mason-tool-installer.nvim"
line 0: sourcing "/home/hiengyen/.local/share/nvim/site/pack/core/opt/mason-tool-installer.nvim/plugin/mason-tool-installer.lua"
finished sourcing /home/hiengyen/.local/share/nvim/site/pack/core/opt/mason-tool-installer.nvim/plugin/mason-tool-installer.lua
continuing in /home/hiengyen/nvim-not-lazy/init.lua
not found in 'packpath': "pack/*/start/fidget.nvim"
not found in 'packpath': "pack/*/start/conform.nvim"
line 0: sourcing "/home/hiengyen/.local/share/nvim/site/pack/core/opt/conform.nvim/plugin/conform.lua"
finished sourcing /home/hiengyen/.local/share/nvim/site/pack/core/opt/conform.nvim/plugin/conform.lua
continuing in /home/hiengyen/nvim-not-lazy/init.lua
not found in 'packpath': "pack/*/start/blink.cmp"
line 0: sourcing "/home/hiengyen/.local/share/nvim/site/pack/core/opt/blink.cmp/plugin/blink-cmp.lua"
finished sourcing /home/hiengyen/.local/share/nvim/site/pack/core/opt/blink.cmp/plugin/blink-cmp.lua
continuing in /home/hiengyen/nvim-not-lazy/init.lua
not found in 'packpath': "pack/*/start/LuaSnip"
line 0: sourcing "/home/hiengyen/.local/share/nvim/site/pack/core/opt/LuaSnip/plugin/luasnip.vim"
finished sourcing /home/hiengyen/.local/share/nvim/site/pack/core/opt/LuaSnip/plugin/luasnip.vim
continuing in /home/hiengyen/nvim-not-lazy/init.lua
line 0: sourcing "/home/hiengyen/.local/share/nvim/site/pack/core/opt/LuaSnip/plugin/luasnip.lua"
finished sourcing /home/hiengyen/.local/share/nvim/site/pack/core/opt/LuaSnip/plugin/luasnip.lua
continuing in /home/hiengyen/nvim-not-lazy/init.lua
not found in 'packpath': "pack/*/start/dracula.nvim"
not found in 'packpath': "pack/*/start/todo-comments.nvim"
line 0: sourcing "/home/hiengyen/.local/share/nvim/site/pack/core/opt/todo-comments.nvim/plugin/todo.vim"
finished sourcing /home/hiengyen/.local/share/nvim/site/pack/core/opt/todo-comments.nvim/plugin/todo.vim
continuing in /home/hiengyen/nvim-not-lazy/init.lua
not found in 'packpath': "pack/*/start/mini.nvim"
not found in 'packpath': "pack/*/start/nvim-treesitter"
line 0: sourcing "/home/hiengyen/.local/share/nvim/site/pack/core/opt/nvim-treesitter/plugin/nvim-treesitter.lua"
finished sourcing /home/hiengyen/.local/share/nvim/site/pack/core/opt/nvim-treesitter/plugin/nvim-treesitter.lua
continuing in /home/hiengyen/nvim-not-lazy/init.lua
not found in 'packpath': "pack/*/start/indent-blankline.nvim"
not found in 'packpath': "pack/*/start/nvim-lint"
not found in 'packpath': "pack/*/start/nvim-autopairs"
not found in 'packpath': "pack/*/start/neo-tree.nvim"
line 0: sourcing "/home/hiengyen/.local/share/nvim/site/pack/core/opt/neo-tree.nvim/plugin/neo-tree.lua"
finished sourcing /home/hiengyen/.local/share/nvim/site/pack/core/opt/neo-tree.nvim/plugin/neo-tree.lua
continuing in /home/hiengyen/nvim-not-lazy/init.lua
not found in 'packpath': "pack/*/start/nui.nvim"
not found in 'packpath': "pack/*/start/codeium.vim"
line 0: sourcing "/home/hiengyen/.local/share/nvim/site/pack/core/opt/codeium.vim/plugin/codeium.vim"
line 8: sourcing "/home/hiengyen/.local/share/nvim/site/pack/core/opt/codeium.vim/autoload/codeium/util.vim"
finished sourcing /home/hiengyen/.local/share/nvim/site/pack/core/opt/codeium.vim/autoload/codeium/util.vim
continuing in /home/hiengyen/.local/share/nvim/site/pack/core/opt/codeium.vim/plugin/codeium.vim
finished sourcing /home/hiengyen/.local/share/nvim/site/pack/core/opt/codeium.vim/plugin/codeium.vim
continuing in /home/hiengyen/nvim-not-lazy/init.lua
not found in 'packpath': "pack/*/start/vim-oscyank"
line 0: sourcing "/home/hiengyen/.local/share/nvim/site/pack/core/opt/vim-oscyank/plugin/oscyank.vim"
finished sourcing /home/hiengyen/.local/share/nvim/site/pack/core/opt/vim-oscyank/plugin/oscyank.vim
continuing in /home/hiengyen/nvim-not-lazy/init.lua
not found in 'packpath': "pack/*/start/nvim-dap"
line 0: sourcing "/home/hiengyen/.local/share/nvim/site/pack/core/opt/nvim-dap/plugin/dap.lua"
finished sourcing /home/hiengyen/.local/share/nvim/site/pack/core/opt/nvim-dap/plugin/dap.lua
continuing in /home/hiengyen/nvim-not-lazy/init.lua
not found in 'packpath': "pack/*/start/nvim-dap-ui"
not found in 'packpath': "pack/*/start/mason-nvim-dap.nvim"
not found in 'packpath': "pack/*/start/nvim-dap-go"
not found in 'packpath': "pack/*/start/nvim-nio"
line 0: sourcing "/home/hiengyen/.local/share/nvim/site/pack/core/opt/dracula.nvim/colors/dracula.lua"
line 0: sourcing "nvim_exec2() called at /home/hiengyen/.local/share/nvim/site/pack/core/opt/dracula.nvim/colors/dracula.lua:0"
finished sourcing nvim_exec2() called at /home/hiengyen/.local/share/nvim/site/pack/core/opt/dracula.nvim/colors/dracula.lua:0
continuing in /home/hiengyen/.local/share/nvim/site/pack/core/opt/dracula.nvim/colors/dracula.lua
finished sourcing /home/hiengyen/.local/share/nvim/site/pack/core/opt/dracula.nvim/colors/dracula.lua
continuing in /home/hiengyen/nvim-not-lazy/init.lua
line 0: sourcing "nvim_exec2() called at /home/hiengyen/nvim-not-lazy/init.lua:0"
finished sourcing nvim_exec2() called at /home/hiengyen/nvim-not-lazy/init.lua:0
continuing in /home/hiengyen/nvim-not-lazy/init.lua
line 0: sourcing "nvim_exec2() called at /home/hiengyen/nvim-not-lazy/init.lua:0"
finished sourcing nvim_exec2() called at /home/hiengyen/nvim-not-lazy/init.lua:0
continuing in /home/hiengyen/nvim-not-lazy/init.lua
line 0: sourcing "nvim_exec2() called at /home/hiengyen/nvim-not-lazy/init.lua:0"
finished sourcing nvim_exec2() called at /home/hiengyen/nvim-not-lazy/init.lua:0
continuing in /home/hiengyen/nvim-not-lazy/init.lua
finished sourcing /home/hiengyen/.config/nvim/init.lua
sourcing "/nix/store/p3cpz8p3ykz8q8mmp4rpa5mzw6gkkp13-neovim-unwrapped-0.12.1/share/nvim/runtime/filetype.lua"
line 0: sourcing "nvim_exec2() called at /nix/store/p3cpz8p3ykz8q8mmp4rpa5mzw6gkkp13-neovim-unwrapped-0.12.1/share/nvim/runtime/filetype.lua:0"
not found in runtime path: "ftdetect/*.{vim,lua}"
finished sourcing nvim_exec2() called at /nix/store/p3cpz8p3ykz8q8mmp4rpa5mzw6gkkp13-neovim-unwrapped-0.12.1/share/nvim/runtime/filetype.lua:0
continuing in /nix/store/p3cpz8p3ykz8q8mmp4rpa5mzw6gkkp13-neovim-unwrapped-0.12.1/share/nvim/runtime/filetype.lua
finished sourcing /nix/store/p3cpz8p3ykz8q8mmp4rpa5mzw6gkkp13-neovim-unwrapped-0.12.1/share/nvim/runtime/filetype.lua
sourcing "/nix/store/p3cpz8p3ykz8q8mmp4rpa5mzw6gkkp13-neovim-unwrapped-0.12.1/share/nvim/runtime/syntax/syntax.vim"
line 20: sourcing "/nix/store/p3cpz8p3ykz8q8mmp4rpa5mzw6gkkp13-neovim-unwrapped-0.12.1/share/nvim/runtime/syntax/synload.vim"
finished sourcing /nix/store/p3cpz8p3ykz8q8mmp4rpa5mzw6gkkp13-neovim-unwrapped-0.12.1/share/nvim/runtime/syntax/synload.vim
continuing in /nix/store/p3cpz8p3ykz8q8mmp4rpa5mzw6gkkp13-neovim-unwrapped-0.12.1/share/nvim/runtime/syntax/syntax.vim
finished sourcing /nix/store/p3cpz8p3ykz8q8mmp4rpa5mzw6gkkp13-neovim-unwrapped-0.12.1/share/nvim/runtime/syntax/syntax.vim
sourcing "/home/hiengyen/.local/share/nvim/site/pack/core/opt/nvim-dap/plugin/dap.lua"
finished sourcing /home/hiengyen/.local/share/nvim/site/pack/core/opt/nvim-dap/plugin/dap.lua
sourcing "/home/hiengyen/.local/share/nvim/site/pack/core/opt/vim-oscyank/plugin/oscyank.vim"
finished sourcing /home/hiengyen/.local/share/nvim/site/pack/core/opt/vim-oscyank/plugin/oscyank.vim
sourcing "/home/hiengyen/.local/share/nvim/site/pack/core/opt/codeium.vim/plugin/codeium.vim"
finished sourcing /home/hiengyen/.local/share/nvim/site/pack/core/opt/codeium.vim/plugin/codeium.vim
sourcing "/home/hiengyen/.local/share/nvim/site/pack/core/opt/neo-tree.nvim/plugin/neo-tree.lua"
finished sourcing /home/hiengyen/.local/share/nvim/site/pack/core/opt/neo-tree.nvim/plugin/neo-tree.lua
sourcing "/home/hiengyen/.local/share/nvim/site/pack/core/opt/nvim-treesitter/plugin/nvim-treesitter.lua"
finished sourcing /home/hiengyen/.local/share/nvim/site/pack/core/opt/nvim-treesitter/plugin/nvim-treesitter.lua
sourcing "/home/hiengyen/.local/share/nvim/site/pack/core/opt/todo-comments.nvim/plugin/todo.vim"
finished sourcing /home/hiengyen/.local/share/nvim/site/pack/core/opt/todo-comments.nvim/plugin/todo.vim
sourcing "/home/hiengyen/.local/share/nvim/site/pack/core/opt/LuaSnip/plugin/luasnip.vim"
finished sourcing /home/hiengyen/.local/share/nvim/site/pack/core/opt/LuaSnip/plugin/luasnip.vim
sourcing "/home/hiengyen/.local/share/nvim/site/pack/core/opt/LuaSnip/plugin/luasnip.lua"
finished sourcing /home/hiengyen/.local/share/nvim/site/pack/core/opt/LuaSnip/plugin/luasnip.lua
sourcing "/home/hiengyen/.local/share/nvim/site/pack/core/opt/blink.cmp/plugin/blink-cmp.lua"
finished sourcing /home/hiengyen/.local/share/nvim/site/pack/core/opt/blink.cmp/plugin/blink-cmp.lua
sourcing "/home/hiengyen/.local/share/nvim/site/pack/core/opt/conform.nvim/plugin/conform.lua"
finished sourcing /home/hiengyen/.local/share/nvim/site/pack/core/opt/conform.nvim/plugin/conform.lua
sourcing "/home/hiengyen/.local/share/nvim/site/pack/core/opt/mason-tool-installer.nvim/plugin/mason-tool-installer.lua"
finished sourcing /home/hiengyen/.local/share/nvim/site/pack/core/opt/mason-tool-installer.nvim/plugin/mason-tool-installer.lua
sourcing "/home/hiengyen/.local/share/nvim/site/pack/core/opt/nvim-lspconfig/plugin/lspconfig.lua"
finished sourcing /home/hiengyen/.local/share/nvim/site/pack/core/opt/nvim-lspconfig/plugin/lspconfig.lua
sourcing "/home/hiengyen/.local/share/nvim/site/pack/core/opt/nvim-web-devicons/plugin/nvim-web-devicons.vim"
finished sourcing /home/hiengyen/.local/share/nvim/site/pack/core/opt/nvim-web-devicons/plugin/nvim-web-devicons.vim
sourcing "/home/hiengyen/.local/share/nvim/site/pack/core/opt/telescope.nvim/plugin/telescope.lua"
finished sourcing /home/hiengyen/.local/share/nvim/site/pack/core/opt/telescope.nvim/plugin/telescope.lua
sourcing "/home/hiengyen/.local/share/nvim/site/pack/core/opt/plenary.nvim/plugin/plenary.vim"
finished sourcing /home/hiengyen/.local/share/nvim/site/pack/core/opt/plenary.nvim/plugin/plenary.vim
sourcing "/home/hiengyen/.local/share/nvim/site/pack/core/opt/which-key.nvim/plugin/which-key.lua"
finished sourcing /home/hiengyen/.local/share/nvim/site/pack/core/opt/which-key.nvim/plugin/which-key.lua
sourcing "/home/hiengyen/.local/share/nvim/site/pack/core/opt/gitsigns.nvim/plugin/gitsigns.lua"
finished sourcing /home/hiengyen/.local/share/nvim/site/pack/core/opt/gitsigns.nvim/plugin/gitsigns.lua
sourcing "/run/current-system/sw/share/nvim/site/plugin/fzf.vim"
finished sourcing /run/current-system/sw/share/nvim/site/plugin/fzf.vim
sourcing "/nix/store/p3cpz8p3ykz8q8mmp4rpa5mzw6gkkp13-neovim-unwrapped-0.12.1/share/nvim/runtime/plugin/gzip.vim"
finished sourcing /nix/store/p3cpz8p3ykz8q8mmp4rpa5mzw6gkkp13-neovim-unwrapped-0.12.1/share/nvim/runtime/plugin/gzip.vim
sourcing "/nix/store/p3cpz8p3ykz8q8mmp4rpa5mzw6gkkp13-neovim-unwrapped-0.12.1/share/nvim/runtime/plugin/matchit.vim"
not found in 'packpath': "pack/*/start/matchit"
line 3: sourcing "/nix/store/p3cpz8p3ykz8q8mmp4rpa5mzw6gkkp13-neovim-unwrapped-0.12.1/share/nvim/runtime/pack/dist/opt/matchit/plugin/matchit.vim"
finished sourcing /nix/store/p3cpz8p3ykz8q8mmp4rpa5mzw6gkkp13-neovim-unwrapped-0.12.1/share/nvim/runtime/pack/dist/opt/matchit/plugin/matchit.vim
continuing in /nix/store/p3cpz8p3ykz8q8mmp4rpa5mzw6gkkp13-neovim-unwrapped-0.12.1/share/nvim/runtime/plugin/matchit.vim
finished sourcing /nix/store/p3cpz8p3ykz8q8mmp4rpa5mzw6gkkp13-neovim-unwrapped-0.12.1/share/nvim/runtime/plugin/matchit.vim
sourcing "/nix/store/p3cpz8p3ykz8q8mmp4rpa5mzw6gkkp13-neovim-unwrapped-0.12.1/share/nvim/runtime/plugin/matchparen.vim"
finished sourcing /nix/store/p3cpz8p3ykz8q8mmp4rpa5mzw6gkkp13-neovim-unwrapped-0.12.1/share/nvim/runtime/plugin/matchparen.vim
sourcing "/nix/store/p3cpz8p3ykz8q8mmp4rpa5mzw6gkkp13-neovim-unwrapped-0.12.1/share/nvim/runtime/plugin/netrwPlugin.vim"
not found in 'packpath': "pack/*/start/netrw"
line 7: sourcing "/nix/store/p3cpz8p3ykz8q8mmp4rpa5mzw6gkkp13-neovim-unwrapped-0.12.1/share/nvim/runtime/pack/dist/opt/netrw/plugin/netrwPlugin.vim"
finished sourcing /nix/store/p3cpz8p3ykz8q8mmp4rpa5mzw6gkkp13-neovim-unwrapped-0.12.1/share/nvim/runtime/pack/dist/opt/netrw/plugin/netrwPlugin.vim
continuing in /nix/store/p3cpz8p3ykz8q8mmp4rpa5mzw6gkkp13-neovim-unwrapped-0.12.1/share/nvim/runtime/plugin/netrwPlugin.vim
finished sourcing /nix/store/p3cpz8p3ykz8q8mmp4rpa5mzw6gkkp13-neovim-unwrapped-0.12.1/share/nvim/runtime/plugin/netrwPlugin.vim
sourcing "/nix/store/p3cpz8p3ykz8q8mmp4rpa5mzw6gkkp13-neovim-unwrapped-0.12.1/share/nvim/runtime/plugin/rplugin.vim"
line 3: sourcing "/nix/store/8nrzad5hq3wnck4bxgkwwban6sa00pji-neovim-0.12.1/rplugin.vim"
finished sourcing /nix/store/8nrzad5hq3wnck4bxgkwwban6sa00pji-neovim-0.12.1/rplugin.vim
continuing in <SNR>69_LoadRemotePlugins
finished sourcing /nix/store/p3cpz8p3ykz8q8mmp4rpa5mzw6gkkp13-neovim-unwrapped-0.12.1/share/nvim/runtime/plugin/rplugin.vim
sourcing "/nix/store/p3cpz8p3ykz8q8mmp4rpa5mzw6gkkp13-neovim-unwrapped-0.12.1/share/nvim/runtime/plugin/tarPlugin.vim"
finished sourcing /nix/store/p3cpz8p3ykz8q8mmp4rpa5mzw6gkkp13-neovim-unwrapped-0.12.1/share/nvim/runtime/plugin/tarPlugin.vim
sourcing "/nix/store/p3cpz8p3ykz8q8mmp4rpa5mzw6gkkp13-neovim-unwrapped-0.12.1/share/nvim/runtime/plugin/tutor.vim"
finished sourcing /nix/store/p3cpz8p3ykz8q8mmp4rpa5mzw6gkkp13-neovim-unwrapped-0.12.1/share/nvim/runtime/plugin/tutor.vim
sourcing "/nix/store/p3cpz8p3ykz8q8mmp4rpa5mzw6gkkp13-neovim-unwrapped-0.12.1/share/nvim/runtime/plugin/zipPlugin.vim"
finished sourcing /nix/store/p3cpz8p3ykz8q8mmp4rpa5mzw6gkkp13-neovim-unwrapped-0.12.1/share/nvim/runtime/plugin/zipPlugin.vim
sourcing "/nix/store/p3cpz8p3ykz8q8mmp4rpa5mzw6gkkp13-neovim-unwrapped-0.12.1/share/nvim/runtime/plugin/editorconfig.lua"
finished sourcing /nix/store/p3cpz8p3ykz8q8mmp4rpa5mzw6gkkp13-neovim-unwrapped-0.12.1/share/nvim/runtime/plugin/editorconfig.lua
sourcing "/nix/store/p3cpz8p3ykz8q8mmp4rpa5mzw6gkkp13-neovim-unwrapped-0.12.1/share/nvim/runtime/plugin/man.lua"
finished sourcing /nix/store/p3cpz8p3ykz8q8mmp4rpa5mzw6gkkp13-neovim-unwrapped-0.12.1/share/nvim/runtime/plugin/man.lua
sourcing "/nix/store/p3cpz8p3ykz8q8mmp4rpa5mzw6gkkp13-neovim-unwrapped-0.12.1/share/nvim/runtime/plugin/net.lua"
finished sourcing /nix/store/p3cpz8p3ykz8q8mmp4rpa5mzw6gkkp13-neovim-unwrapped-0.12.1/share/nvim/runtime/plugin/net.lua
sourcing "/nix/store/p3cpz8p3ykz8q8mmp4rpa5mzw6gkkp13-neovim-unwrapped-0.12.1/share/nvim/runtime/plugin/osc52.lua"
finished sourcing /nix/store/p3cpz8p3ykz8q8mmp4rpa5mzw6gkkp13-neovim-unwrapped-0.12.1/share/nvim/runtime/plugin/osc52.lua
sourcing "/nix/store/p3cpz8p3ykz8q8mmp4rpa5mzw6gkkp13-neovim-unwrapped-0.12.1/share/nvim/runtime/plugin/shada.lua"
finished sourcing /nix/store/p3cpz8p3ykz8q8mmp4rpa5mzw6gkkp13-neovim-unwrapped-0.12.1/share/nvim/runtime/plugin/shada.lua
sourcing "/nix/store/p3cpz8p3ykz8q8mmp4rpa5mzw6gkkp13-neovim-unwrapped-0.12.1/share/nvim/runtime/plugin/spellfile.lua"
finished sourcing /nix/store/p3cpz8p3ykz8q8mmp4rpa5mzw6gkkp13-neovim-unwrapped-0.12.1/share/nvim/runtime/plugin/spellfile.lua
not found in 'packpath': "pack/*/start/*"
not found in 'packpath': "start/*"
sourcing "/home/hiengyen/.local/share/nvim/site/pack/core/opt/indent-blankline.nvim/after/plugin/commands.lua"
finished sourcing /home/hiengyen/.local/share/nvim/site/pack/core/opt/indent-blankline.nvim/after/plugin/commands.lua
Reading ShaDa file "/home/hiengyen/.local/state/nvim/shada/main.shada" info marks oldfiles
line 0: sourcing "/home/hiengyen/.local/share/nvim/site/pack/core/opt/codeium.vim/autoload/codeium.vim"
finished sourcing /home/hiengyen/.local/share/nvim/site/pack/core/opt/codeium.vim/autoload/codeium.vim
continuing in BufEnter Autocommands for "*"
line 0: sourcing "/home/hiengyen/.local/share/nvim/site/pack/core/opt/codeium.vim/autoload/codeium/command.vim"
finished sourcing /home/hiengyen/.local/share/nvim/site/pack/core/opt/codeium.vim/autoload/codeium/command.vim
continuing in BufEnter Autocommands for "*"
sourcing "/nix/store/p3cpz8p3ykz8q8mmp4rpa5mzw6gkkp13-neovim-unwrapped-0.12.1/share/nvim/runtime/autoload/provider/clipboard.vim"
finished sourcing /nix/store/p3cpz8p3ykz8q8mmp4rpa5mzw6gkkp13-neovim-unwrapped-0.12.1/share/nvim/runtime/autoload/provider/clipboard.vim
sourcing "nvim_exec2()"
finished sourcing nvim_exec2()
sourcing "nvim_exec2()"
finished sourcing nvim_exec2()
sourcing "nvim_exec2()"
finished sourcing nvim_exec2()
sourcing "nvim_exec2()"
finished sourcing nvim_exec2()
sourcing "nvim_exec2()"
finished sourcing nvim_exec2()
sourcing "nvim_exec2()"
finished sourcing nvim_exec2()
sourcing "nvim_exec2()"
finished sourcing nvim_exec2()
sourcing "nvim_exec2()"
finished sourcing nvim_exec2()
sourcing "nvim_exec2()"
finished sourcing nvim_exec2()
sourcing "nvim_exec2()"
finished sourcing nvim_exec2()
sourcing "nvim_exec2()"
finished sourcing nvim_exec2()
sourcing "nvim_exec2()"
finished sourcing nvim_exec2()
sourcing "nvim_exec2()"
finished sourcing nvim_exec2()
sourcing "nvim_exec2()"
finished sourcing nvim_exec2()
sourcing "nvim_exec2()"
finished sourcing nvim_exec2()
sourcing "nvim_exec2()"
finished sourcing nvim_exec2()
sourcing "nvim_exec2()"
finished sourcing nvim_exec2()
sourcing "nvim_exec2()"
finished sourcing nvim_exec2()
sourcing "nvim_exec2()"
finished sourcing nvim_exec2()
sourcing "nvim_exec2()"
finished sourcing nvim_exec2()
sourcing "nvim_exec2()"
finished sourcing nvim_exec2()
sourcing "/home/hiengyen/.local/share/nvim/site/pack/core/opt/codeium.vim/autoload/codeium/server.vim"
NVIM v0.12.1
Build type: Release
LuaJIT 2.1.1741730670
Vim versions: 8.1, 8.2, 9.0, 9.1, 9.2

   system vimrc file: "$VIM/sysinit.vim"
  fall-back for $VIM: "/nix/store/p3cpz8p3ykz8q8mmp4rpa5mzw6gkkp13-neovim-unwrapped-0.12.1/share/nvim"

Run :checkhealth for more info
finished sourcing /home/hiengyen/.local/share/nvim/site/pack/core/opt/codeium.vim/autoload/codeium/server.vim
line 27: sourcing "/home/hiengyen/.local/share/nvim/site/pack/core/opt/codeium.vim/autoload/codeium/log.vim"
finished sourcing /home/hiengyen/.local/share/nvim/site/pack/core/opt/codeium.vim/autoload/codeium/log.vim
continuing in <SNR>98_ActuallyStart


--- Terminal info --- {{{
&term: xterm-kitty
using terminfo database

Boolean capabilities:
  back_color_erase: false
  truecolor ('Tc' or 'RGB'): true
  extended underline ('Su'): true

Numeric capabilities: (-1 for unknown)
  lines: 24
  columns: 80
  max_colors: 80

String capabilities:
  carriage_return                 = ^M
  change_scroll_region            = ^[[%i%p1%d;%p2%dr
  clear_screen                    = ^[[H^[[2J
  clr_eol                         = ^[[K
  clr_eos                         = ^[[J
  cursor_address                  = ^[[%i%p1%d;%p2%dH
  cursor_down                     = ^@
  cursor_invisible                = ^[[?25l
  cursor_left                     = ^H
  cursor_home                     = ^[[H
  cursor_normal                   = ^[[?12h^[[?25h
  cursor_up                       = ^[[A
  cursor_right                    = ^[[C
  delete_line                     = ^[[M
  enter_bold_mode                 = ^[[1m
  enter_ca_mode                   = ^[[?1049h
  enter_dim_mode                  = ^[[2m
  enter_italics_mode              = ^[[3m
  enter_reverse_mode              = ^[[7m
  enter_standout_mode             = ^[[7m
  enter_underline_mode            = ^[[4m
  erase_chars                     = ^[[%p1%dX
  exit_attribute_mode             = ^[(B^[[m
  exit_ca_mode                    = ^[[?1049l
  from_status_line                = ^G
  insert_line                     = ^[[L
  keypad_local                    = ^[[?1l
  keypad_xmit                     = ^[[?1h
  parm_delete_line                = ^[[%p1%dM
  parm_down_cursor                = ^[[%p1%dB
  parm_insert_line                = ^[[%p1%dL
  parm_left_cursor                = ^[[%p1%dD
  parm_right_cursor               = ^[[%p1%dC
  parm_up_cursor                  = ^[[%p1%dA
  set_a_background                = ^[[%?%p1%{8}%<%t4%p1%d%e%p1%{16}%<%t10%p1%{8}%-%d%e48;5;%p1%d%;m
  set_a_foreground                = ^[[%?%p1%{8}%<%t3%p1%d%e%p1%{16}%<%t9%p1%{8}%-%d%e38;5;%p1%d%;m
  set_attributes                  = %?%p9%t^[(0%e^[(B%;^[[0%?%p6%t;1%;%?%p2%t;4%;%?%p1%p3%|%t;7%;%?%p4%t;5%;%?%p7%t;8%;m
  set_lr_margin                   = ^[[%i%p1%d;%p2%ds
  to_status_line                  = ^[]2;
  reset_cursor_style (Se)         = ^[[2 q
  set_cursor_style (Ss)           = ^[[%p1%d q
  enter_strikethrough_mode (smxx) = ^[[9m
  set_rgb_foreground (setrgbf)    = ^[[38:2:%p1%d:%p2%d:%p3%dm
  set_rgb_background (setrgbb)    = ^[[48:2:%p1%d:%p2%d:%p3%dm
  set_cursor_color (Cs)           = ^[]12;%p1%s^G
  reset_cursor_color (Cr)         = ^[]112^G
  set_underline_style (Smulx)     = ^[[4:%p1%dm
  key_beg                         = ^[OE, key_sbeg = ^[[1;2E
  key_btab                        = ^[[Z
  key_dc                          = ^[[3~, key_sdc = ^[[3;2~
  key_end                         = ^[OF, key_send = ^[[1;2F
  key_home                        = ^[OH, key_shome = ^[[1;2H
  key_ic                          = ^[[2~, key_sic = ^[[2;2~
  key_npage                       = ^[[6~
  key_ppage                       = ^[[5~
  key_undo                        = 
  key_left                        = ^[OD, key_sleft = ^[[1;2D
  key_right                       = ^[OC, key_sright = ^[[1;2C
  key_f2                          = ^[OQ
  key_f3                          = ^[OR
  key_f4                          = ^[OS
  key_f5                          = ^[[15~
  key_f6                          = ^[[17~
  key_f7                          = ^[[18~
  key_f8                          = ^[[19~
  key_f9                          = ^[[20~
  key_f10                         = ^[[21~
  key_f11                         = ^[[23~
  key_f12                         = ^[[24~
  key_f13                         = ^[[1;2P
  key_f14                         = ^[[1;2Q
  key_f15                         = ^[[13;2~
  key_f16                         = ^[[1;2S
  key_f17                         = ^[[15;2~
  key_f18                         = ^[[17;2~
  key_f19                         = ^[[18;2~
  key_f20                         = ^[[19;2~
  key_f21                         = ^[[20;2~
  key_f22                         = ^[[21;2~
  key_f23                         = ^[[23;2~
  key_f24                         = ^[[24;2~
  key_f25                         = ^[[1;5P
  key_f26                         = ^[[1;5Q
  key_f27                         = ^[[13;5~
  key_f28                         = ^[[1;5S
  key_f29                         = ^[[15;5~
  key_f30                         = ^[[17;5~
  key_f31                         = ^[[18;5~
  key_f32                         = ^[[19;5~
  key_f33                         = ^[[20;5~
  key_f34                         = ^[[21;5~
  key_f35                         = ^[[23;5~
  key_f36                         = ^[[24;5~
  key_f37                         = ^[[1;6P
  key_f38                         = ^[[1;6Q
  key_f39                         = ^[[13;6~
  key_f40                         = ^[[1;6S
  key_f41                         = ^[[15;6~
  key_f42                         = ^[[17;6~
  key_f43                         = ^[[18;6~
  key_f44                         = ^[[19;6~
  key_f45                         = ^[[20;6~
  key_f46                         = ^[[21;6~
  key_f47                         = ^[[23;6~
  key_f48                         = ^[[24;6~
  key_f49                         = ^[[1;3P
  key_f50                         = ^[[1;3Q
  key_f51                         = ^[[13;3~
  key_f52                         = ^[[1;3S
  key_f53                         = ^[[15;3~
  key_f54                         = ^[[17;3~
  key_f55                         = ^[[18;3~
  key_f56                         = ^[[19;3~
  key_f57                         = ^[[20;3~
  key_f58                         = ^[[21;3~
  key_f59                         = ^[[23;3~
  key_f60                         = ^[[24;3~
  key_f61                         = ^[[1;4P
  key_f62                         = ^[[1;4Q
  key_f63                         = ^[[13;4~
}}}


Writing ShaDa file "/home/hiengyen/.local/state/nvim/shada/main.shada"
sourcing "nvim_exec2()"
finished sourcing nvim_exec2()
sourcing "/nix/store/p3cpz8p3ykz8q8mmp4rpa5mzw6gkkp13-neovim-unwrapped-0.12.1/share/nvim/runtime/ftplugin.vim"
finished sourcing /nix/store/p3cpz8p3ykz8q8mmp4rpa5mzw6gkkp13-neovim-unwrapped-0.12.1/share/nvim/runtime/ftplugin.vim
sourcing "/nix/store/p3cpz8p3ykz8q8mmp4rpa5mzw6gkkp13-neovim-unwrapped-0.12.1/share/nvim/runtime/indent.vim"
finished sourcing /nix/store/p3cpz8p3ykz8q8mmp4rpa5mzw6gkkp13-neovim-unwrapped-0.12.1/share/nvim/runtime/indent.vim
could not source "/etc/xdg/nvim/sysinit.vim"
could not source "/home/hiengyen/.local/share/flatpak/exports/etc/xdg/nvim/sysinit.vim"
could not source "/var/lib/flatpak/exports/etc/xdg/nvim/sysinit.vim"
could not source "/home/hiengyen/.nix-profile/etc/xdg/nvim/sysinit.vim"
could not source "/nix/profile/etc/xdg/nvim/sysinit.vim"
could not source "/home/hiengyen/.local/state/nix/profile/etc/xdg/nvim/sysinit.vim"
could not source "/etc/profiles/per-user/hiengyen/etc/xdg/nvim/sysinit.vim"
could not source "/nix/var/nix/profiles/default/etc/xdg/nvim/sysinit.vim"
could not source "/run/current-system/sw/etc/xdg/nvim/sysinit.vim"
could not source "/nix/store/m7viqb8m80gbxkn7ffvn6l25iqgsib66-gnome-settings-daemon-49.1/etc/xdg/nvim/sysinit.vim"
could not source "$VIM/sysinit.vim"
sourcing "/home/hiengyen/.config/nvim/init.lua"
not found in 'packpath': "pack/*/start/guess-indent.nvim"
not found in 'packpath': "pack/*/start/gitsigns.nvim"
line 0: sourcing "/home/hiengyen/.local/share/nvim/site/pack/core/opt/gitsigns.nvim/plugin/gitsigns.lua"
finished sourcing /home/hiengyen/.local/share/nvim/site/pack/core/opt/gitsigns.nvim/plugin/gitsigns.lua
continuing in /home/hiengyen/nvim-not-lazy/init.lua
not found in 'packpath': "pack/*/start/which-key.nvim"
line 0: sourcing "/home/hiengyen/.local/share/nvim/site/pack/core/opt/which-key.nvim/plugin/which-key.lua"
finished sourcing /home/hiengyen/.local/share/nvim/site/pack/core/opt/which-key.nvim/plugin/which-key.lua
continuing in /home/hiengyen/nvim-not-lazy/init.lua
not found in 'packpath': "pack/*/start/plenary.nvim"
line 0: sourcing "/home/hiengyen/.local/share/nvim/site/pack/core/opt/plenary.nvim/plugin/plenary.vim"
finished sourcing /home/hiengyen/.local/share/nvim/site/pack/core/opt/plenary.nvim/plugin/plenary.vim
continuing in /home/hiengyen/nvim-not-lazy/init.lua
not found in 'packpath': "pack/*/start/telescope.nvim"
line 0: sourcing "/home/hiengyen/.local/share/nvim/site/pack/core/opt/telescope.nvim/plugin/telescope.lua"
finished sourcing /home/hiengyen/.local/share/nvim/site/pack/core/opt/telescope.nvim/plugin/telescope.lua
continuing in /home/hiengyen/nvim-not-lazy/init.lua
not found in 'packpath': "pack/*/start/telescope-fzf-native.nvim"
not found in 'packpath': "pack/*/start/telescope-ui-select.nvim"
not found in 'packpath': "pack/*/start/nvim-web-devicons"
line 0: sourcing "/home/hiengyen/.local/share/nvim/site/pack/core/opt/nvim-web-devicons/plugin/nvim-web-devicons.vim"
finished sourcing /home/hiengyen/.local/share/nvim/site/pack/core/opt/nvim-web-devicons/plugin/nvim-web-devicons.vim
continuing in /home/hiengyen/nvim-not-lazy/init.lua
not found in 'packpath': "pack/*/start/lazydev.nvim"
not found in 'packpath': "pack/*/start/nvim-lspconfig"
line 0: sourcing "/home/hiengyen/.local/share/nvim/site/pack/core/opt/nvim-lspconfig/plugin/lspconfig.lua"
finished sourcing /home/hiengyen/.local/share/nvim/site/pack/core/opt/nvim-lspconfig/plugin/lspconfig.lua
continuing in /home/hiengyen/nvim-not-lazy/init.lua
not found in 'packpath': "pack/*/start/mason.nvim"
not found in 'packpath': "pack/*/start/mason-lspconfig.nvim"
not found in 'packpath': "pack/*/start/mason-tool-installer.nvim"
line 0: sourcing "/home/hiengyen/.local/share/nvim/site/pack/core/opt/mason-tool-installer.nvim/plugin/mason-tool-installer.lua"
finished sourcing /home/hiengyen/.local/share/nvim/site/pack/core/opt/mason-tool-installer.nvim/plugin/mason-tool-installer.lua
continuing in /home/hiengyen/nvim-not-lazy/init.lua
not found in 'packpath': "pack/*/start/fidget.nvim"
not found in 'packpath': "pack/*/start/conform.nvim"
line 0: sourcing "/home/hiengyen/.local/share/nvim/site/pack/core/opt/conform.nvim/plugin/conform.lua"
finished sourcing /home/hiengyen/.local/share/nvim/site/pack/core/opt/conform.nvim/plugin/conform.lua
continuing in /home/hiengyen/nvim-not-lazy/init.lua
not found in 'packpath': "pack/*/start/blink.cmp"
line 0: sourcing "/home/hiengyen/.local/share/nvim/site/pack/core/opt/blink.cmp/plugin/blink-cmp.lua"
finished sourcing /home/hiengyen/.local/share/nvim/site/pack/core/opt/blink.cmp/plugin/blink-cmp.lua
continuing in /home/hiengyen/nvim-not-lazy/init.lua
not found in 'packpath': "pack/*/start/LuaSnip"
line 0: sourcing "/home/hiengyen/.local/share/nvim/site/pack/core/opt/LuaSnip/plugin/luasnip.vim"
finished sourcing /home/hiengyen/.local/share/nvim/site/pack/core/opt/LuaSnip/plugin/luasnip.vim
continuing in /home/hiengyen/nvim-not-lazy/init.lua
line 0: sourcing "/home/hiengyen/.local/share/nvim/site/pack/core/opt/LuaSnip/plugin/luasnip.lua"
finished sourcing /home/hiengyen/.local/share/nvim/site/pack/core/opt/LuaSnip/plugin/luasnip.lua
continuing in /home/hiengyen/nvim-not-lazy/init.lua
not found in 'packpath': "pack/*/start/dracula.nvim"
not found in 'packpath': "pack/*/start/todo-comments.nvim"
line 0: sourcing "/home/hiengyen/.local/share/nvim/site/pack/core/opt/todo-comments.nvim/plugin/todo.vim"
finished sourcing /home/hiengyen/.local/share/nvim/site/pack/core/opt/todo-comments.nvim/plugin/todo.vim
continuing in /home/hiengyen/nvim-not-lazy/init.lua
not found in 'packpath': "pack/*/start/mini.nvim"
not found in 'packpath': "pack/*/start/nvim-treesitter"
line 0: sourcing "/home/hiengyen/.local/share/nvim/site/pack/core/opt/nvim-treesitter/plugin/nvim-treesitter.lua"
finished sourcing /home/hiengyen/.local/share/nvim/site/pack/core/opt/nvim-treesitter/plugin/nvim-treesitter.lua
continuing in /home/hiengyen/nvim-not-lazy/init.lua
not found in 'packpath': "pack/*/start/indent-blankline.nvim"
not found in 'packpath': "pack/*/start/nvim-lint"
not found in 'packpath': "pack/*/start/nvim-autopairs"
not found in 'packpath': "pack/*/start/neo-tree.nvim"
line 0: sourcing "/home/hiengyen/.local/share/nvim/site/pack/core/opt/neo-tree.nvim/plugin/neo-tree.lua"
finished sourcing /home/hiengyen/.local/share/nvim/site/pack/core/opt/neo-tree.nvim/plugin/neo-tree.lua
continuing in /home/hiengyen/nvim-not-lazy/init.lua
not found in 'packpath': "pack/*/start/nui.nvim"
not found in 'packpath': "pack/*/start/codeium.vim"
line 0: sourcing "/home/hiengyen/.local/share/nvim/site/pack/core/opt/codeium.vim/plugin/codeium.vim"
line 8: sourcing "/home/hiengyen/.local/share/nvim/site/pack/core/opt/codeium.vim/autoload/codeium/util.vim"
finished sourcing /home/hiengyen/.local/share/nvim/site/pack/core/opt/codeium.vim/autoload/codeium/util.vim
continuing in /home/hiengyen/.local/share/nvim/site/pack/core/opt/codeium.vim/plugin/codeium.vim
finished sourcing /home/hiengyen/.local/share/nvim/site/pack/core/opt/codeium.vim/plugin/codeium.vim
continuing in /home/hiengyen/nvim-not-lazy/init.lua
not found in 'packpath': "pack/*/start/vim-oscyank"
line 0: sourcing "/home/hiengyen/.local/share/nvim/site/pack/core/opt/vim-oscyank/plugin/oscyank.vim"
finished sourcing /home/hiengyen/.local/share/nvim/site/pack/core/opt/vim-oscyank/plugin/oscyank.vim
continuing in /home/hiengyen/nvim-not-lazy/init.lua
not found in 'packpath': "pack/*/start/nvim-dap"
line 0: sourcing "/home/hiengyen/.local/share/nvim/site/pack/core/opt/nvim-dap/plugin/dap.lua"
finished sourcing /home/hiengyen/.local/share/nvim/site/pack/core/opt/nvim-dap/plugin/dap.lua
continuing in /home/hiengyen/nvim-not-lazy/init.lua
not found in 'packpath': "pack/*/start/nvim-dap-ui"
not found in 'packpath': "pack/*/start/mason-nvim-dap.nvim"
not found in 'packpath': "pack/*/start/nvim-dap-go"
not found in 'packpath': "pack/*/start/nvim-nio"
line 0: sourcing "/home/hiengyen/.local/share/nvim/site/pack/core/opt/dracula.nvim/colors/dracula.lua"
line 0: sourcing "nvim_exec2() called at /home/hiengyen/.local/share/nvim/site/pack/core/opt/dracula.nvim/colors/dracula.lua:0"
finished sourcing nvim_exec2() called at /home/hiengyen/.local/share/nvim/site/pack/core/opt/dracula.nvim/colors/dracula.lua:0
continuing in /home/hiengyen/.local/share/nvim/site/pack/core/opt/dracula.nvim/colors/dracula.lua
finished sourcing /home/hiengyen/.local/share/nvim/site/pack/core/opt/dracula.nvim/colors/dracula.lua
continuing in /home/hiengyen/nvim-not-lazy/init.lua
line 0: sourcing "nvim_exec2() called at /home/hiengyen/nvim-not-lazy/init.lua:0"
finished sourcing nvim_exec2() called at /home/hiengyen/nvim-not-lazy/init.lua:0
continuing in /home/hiengyen/nvim-not-lazy/init.lua
line 0: sourcing "nvim_exec2() called at /home/hiengyen/nvim-not-lazy/init.lua:0"
finished sourcing nvim_exec2() called at /home/hiengyen/nvim-not-lazy/init.lua:0
continuing in /home/hiengyen/nvim-not-lazy/init.lua
line 0: sourcing "nvim_exec2() called at /home/hiengyen/nvim-not-lazy/init.lua:0"
finished sourcing nvim_exec2() called at /home/hiengyen/nvim-not-lazy/init.lua:0
continuing in /home/hiengyen/nvim-not-lazy/init.lua
finished sourcing /home/hiengyen/.config/nvim/init.lua
sourcing "/nix/store/p3cpz8p3ykz8q8mmp4rpa5mzw6gkkp13-neovim-unwrapped-0.12.1/share/nvim/runtime/filetype.lua"
line 0: sourcing "nvim_exec2() called at /nix/store/p3cpz8p3ykz8q8mmp4rpa5mzw6gkkp13-neovim-unwrapped-0.12.1/share/nvim/runtime/filetype.lua:0"
not found in runtime path: "ftdetect/*.{vim,lua}"
finished sourcing nvim_exec2() called at /nix/store/p3cpz8p3ykz8q8mmp4rpa5mzw6gkkp13-neovim-unwrapped-0.12.1/share/nvim/runtime/filetype.lua:0
continuing in /nix/store/p3cpz8p3ykz8q8mmp4rpa5mzw6gkkp13-neovim-unwrapped-0.12.1/share/nvim/runtime/filetype.lua
finished sourcing /nix/store/p3cpz8p3ykz8q8mmp4rpa5mzw6gkkp13-neovim-unwrapped-0.12.1/share/nvim/runtime/filetype.lua
sourcing "/nix/store/p3cpz8p3ykz8q8mmp4rpa5mzw6gkkp13-neovim-unwrapped-0.12.1/share/nvim/runtime/syntax/syntax.vim"
line 20: sourcing "/nix/store/p3cpz8p3ykz8q8mmp4rpa5mzw6gkkp13-neovim-unwrapped-0.12.1/share/nvim/runtime/syntax/synload.vim"
finished sourcing /nix/store/p3cpz8p3ykz8q8mmp4rpa5mzw6gkkp13-neovim-unwrapped-0.12.1/share/nvim/runtime/syntax/synload.vim
continuing in /nix/store/p3cpz8p3ykz8q8mmp4rpa5mzw6gkkp13-neovim-unwrapped-0.12.1/share/nvim/runtime/syntax/syntax.vim
finished sourcing /nix/store/p3cpz8p3ykz8q8mmp4rpa5mzw6gkkp13-neovim-unwrapped-0.12.1/share/nvim/runtime/syntax/syntax.vim
sourcing "/home/hiengyen/.local/share/nvim/site/pack/core/opt/nvim-dap/plugin/dap.lua"
finished sourcing /home/hiengyen/.local/share/nvim/site/pack/core/opt/nvim-dap/plugin/dap.lua
sourcing "/home/hiengyen/.local/share/nvim/site/pack/core/opt/vim-oscyank/plugin/oscyank.vim"
finished sourcing /home/hiengyen/.local/share/nvim/site/pack/core/opt/vim-oscyank/plugin/oscyank.vim
sourcing "/home/hiengyen/.local/share/nvim/site/pack/core/opt/codeium.vim/plugin/codeium.vim"
finished sourcing /home/hiengyen/.local/share/nvim/site/pack/core/opt/codeium.vim/plugin/codeium.vim
sourcing "/home/hiengyen/.local/share/nvim/site/pack/core/opt/neo-tree.nvim/plugin/neo-tree.lua"
finished sourcing /home/hiengyen/.local/share/nvim/site/pack/core/opt/neo-tree.nvim/plugin/neo-tree.lua
sourcing "/home/hiengyen/.local/share/nvim/site/pack/core/opt/nvim-treesitter/plugin/nvim-treesitter.lua"
finished sourcing /home/hiengyen/.local/share/nvim/site/pack/core/opt/nvim-treesitter/plugin/nvim-treesitter.lua
sourcing "/home/hiengyen/.local/share/nvim/site/pack/core/opt/todo-comments.nvim/plugin/todo.vim"
finished sourcing /home/hiengyen/.local/share/nvim/site/pack/core/opt/todo-comments.nvim/plugin/todo.vim
sourcing "/home/hiengyen/.local/share/nvim/site/pack/core/opt/LuaSnip/plugin/luasnip.vim"
finished sourcing /home/hiengyen/.local/share/nvim/site/pack/core/opt/LuaSnip/plugin/luasnip.vim
sourcing "/home/hiengyen/.local/share/nvim/site/pack/core/opt/LuaSnip/plugin/luasnip.lua"
finished sourcing /home/hiengyen/.local/share/nvim/site/pack/core/opt/LuaSnip/plugin/luasnip.lua
sourcing "/home/hiengyen/.local/share/nvim/site/pack/core/opt/blink.cmp/plugin/blink-cmp.lua"
finished sourcing /home/hiengyen/.local/share/nvim/site/pack/core/opt/blink.cmp/plugin/blink-cmp.lua
sourcing "/home/hiengyen/.local/share/nvim/site/pack/core/opt/conform.nvim/plugin/conform.lua"
finished sourcing /home/hiengyen/.local/share/nvim/site/pack/core/opt/conform.nvim/plugin/conform.lua
sourcing "/home/hiengyen/.local/share/nvim/site/pack/core/opt/mason-tool-installer.nvim/plugin/mason-tool-installer.lua"
finished sourcing /home/hiengyen/.local/share/nvim/site/pack/core/opt/mason-tool-installer.nvim/plugin/mason-tool-installer.lua
sourcing "/home/hiengyen/.local/share/nvim/site/pack/core/opt/nvim-lspconfig/plugin/lspconfig.lua"
finished sourcing /home/hiengyen/.local/share/nvim/site/pack/core/opt/nvim-lspconfig/plugin/lspconfig.lua
sourcing "/home/hiengyen/.local/share/nvim/site/pack/core/opt/nvim-web-devicons/plugin/nvim-web-devicons.vim"
finished sourcing /home/hiengyen/.local/share/nvim/site/pack/core/opt/nvim-web-devicons/plugin/nvim-web-devicons.vim
sourcing "/home/hiengyen/.local/share/nvim/site/pack/core/opt/telescope.nvim/plugin/telescope.lua"
finished sourcing /home/hiengyen/.local/share/nvim/site/pack/core/opt/telescope.nvim/plugin/telescope.lua
sourcing "/home/hiengyen/.local/share/nvim/site/pack/core/opt/plenary.nvim/plugin/plenary.vim"
finished sourcing /home/hiengyen/.local/share/nvim/site/pack/core/opt/plenary.nvim/plugin/plenary.vim
sourcing "/home/hiengyen/.local/share/nvim/site/pack/core/opt/which-key.nvim/plugin/which-key.lua"
finished sourcing /home/hiengyen/.local/share/nvim/site/pack/core/opt/which-key.nvim/plugin/which-key.lua
sourcing "/home/hiengyen/.local/share/nvim/site/pack/core/opt/gitsigns.nvim/plugin/gitsigns.lua"
finished sourcing /home/hiengyen/.local/share/nvim/site/pack/core/opt/gitsigns.nvim/plugin/gitsigns.lua
sourcing "/run/current-system/sw/share/nvim/site/plugin/fzf.vim"
finished sourcing /run/current-system/sw/share/nvim/site/plugin/fzf.vim
sourcing "/nix/store/p3cpz8p3ykz8q8mmp4rpa5mzw6gkkp13-neovim-unwrapped-0.12.1/share/nvim/runtime/plugin/gzip.vim"
finished sourcing /nix/store/p3cpz8p3ykz8q8mmp4rpa5mzw6gkkp13-neovim-unwrapped-0.12.1/share/nvim/runtime/plugin/gzip.vim
sourcing "/nix/store/p3cpz8p3ykz8q8mmp4rpa5mzw6gkkp13-neovim-unwrapped-0.12.1/share/nvim/runtime/plugin/matchit.vim"
not found in 'packpath': "pack/*/start/matchit"
line 3: sourcing "/nix/store/p3cpz8p3ykz8q8mmp4rpa5mzw6gkkp13-neovim-unwrapped-0.12.1/share/nvim/runtime/pack/dist/opt/matchit/plugin/matchit.vim"
finished sourcing /nix/store/p3cpz8p3ykz8q8mmp4rpa5mzw6gkkp13-neovim-unwrapped-0.12.1/share/nvim/runtime/pack/dist/opt/matchit/plugin/matchit.vim
continuing in /nix/store/p3cpz8p3ykz8q8mmp4rpa5mzw6gkkp13-neovim-unwrapped-0.12.1/share/nvim/runtime/plugin/matchit.vim
finished sourcing /nix/store/p3cpz8p3ykz8q8mmp4rpa5mzw6gkkp13-neovim-unwrapped-0.12.1/share/nvim/runtime/plugin/matchit.vim
sourcing "/nix/store/p3cpz8p3ykz8q8mmp4rpa5mzw6gkkp13-neovim-unwrapped-0.12.1/share/nvim/runtime/plugin/matchparen.vim"
finished sourcing /nix/store/p3cpz8p3ykz8q8mmp4rpa5mzw6gkkp13-neovim-unwrapped-0.12.1/share/nvim/runtime/plugin/matchparen.vim
sourcing "/nix/store/p3cpz8p3ykz8q8mmp4rpa5mzw6gkkp13-neovim-unwrapped-0.12.1/share/nvim/runtime/plugin/netrwPlugin.vim"
not found in 'packpath': "pack/*/start/netrw"
line 7: sourcing "/nix/store/p3cpz8p3ykz8q8mmp4rpa5mzw6gkkp13-neovim-unwrapped-0.12.1/share/nvim/runtime/pack/dist/opt/netrw/plugin/netrwPlugin.vim"
finished sourcing /nix/store/p3cpz8p3ykz8q8mmp4rpa5mzw6gkkp13-neovim-unwrapped-0.12.1/share/nvim/runtime/pack/dist/opt/netrw/plugin/netrwPlugin.vim
continuing in /nix/store/p3cpz8p3ykz8q8mmp4rpa5mzw6gkkp13-neovim-unwrapped-0.12.1/share/nvim/runtime/plugin/netrwPlugin.vim
finished sourcing /nix/store/p3cpz8p3ykz8q8mmp4rpa5mzw6gkkp13-neovim-unwrapped-0.12.1/share/nvim/runtime/plugin/netrwPlugin.vim
sourcing "/nix/store/p3cpz8p3ykz8q8mmp4rpa5mzw6gkkp13-neovim-unwrapped-0.12.1/share/nvim/runtime/plugin/rplugin.vim"
line 3: sourcing "/nix/store/8nrzad5hq3wnck4bxgkwwban6sa00pji-neovim-0.12.1/rplugin.vim"
finished sourcing /nix/store/8nrzad5hq3wnck4bxgkwwban6sa00pji-neovim-0.12.1/rplugin.vim
continuing in <SNR>69_LoadRemotePlugins
finished sourcing /nix/store/p3cpz8p3ykz8q8mmp4rpa5mzw6gkkp13-neovim-unwrapped-0.12.1/share/nvim/runtime/plugin/rplugin.vim
sourcing "/nix/store/p3cpz8p3ykz8q8mmp4rpa5mzw6gkkp13-neovim-unwrapped-0.12.1/share/nvim/runtime/plugin/tarPlugin.vim"
finished sourcing /nix/store/p3cpz8p3ykz8q8mmp4rpa5mzw6gkkp13-neovim-unwrapped-0.12.1/share/nvim/runtime/plugin/tarPlugin.vim
sourcing "/nix/store/p3cpz8p3ykz8q8mmp4rpa5mzw6gkkp13-neovim-unwrapped-0.12.1/share/nvim/runtime/plugin/tutor.vim"
finished sourcing /nix/store/p3cpz8p3ykz8q8mmp4rpa5mzw6gkkp13-neovim-unwrapped-0.12.1/share/nvim/runtime/plugin/tutor.vim
sourcing "/nix/store/p3cpz8p3ykz8q8mmp4rpa5mzw6gkkp13-neovim-unwrapped-0.12.1/share/nvim/runtime/plugin/zipPlugin.vim"
finished sourcing /nix/store/p3cpz8p3ykz8q8mmp4rpa5mzw6gkkp13-neovim-unwrapped-0.12.1/share/nvim/runtime/plugin/zipPlugin.vim
sourcing "/nix/store/p3cpz8p3ykz8q8mmp4rpa5mzw6gkkp13-neovim-unwrapped-0.12.1/share/nvim/runtime/plugin/editorconfig.lua"
finished sourcing /nix/store/p3cpz8p3ykz8q8mmp4rpa5mzw6gkkp13-neovim-unwrapped-0.12.1/share/nvim/runtime/plugin/editorconfig.lua
sourcing "/nix/store/p3cpz8p3ykz8q8mmp4rpa5mzw6gkkp13-neovim-unwrapped-0.12.1/share/nvim/runtime/plugin/man.lua"
finished sourcing /nix/store/p3cpz8p3ykz8q8mmp4rpa5mzw6gkkp13-neovim-unwrapped-0.12.1/share/nvim/runtime/plugin/man.lua
sourcing "/nix/store/p3cpz8p3ykz8q8mmp4rpa5mzw6gkkp13-neovim-unwrapped-0.12.1/share/nvim/runtime/plugin/net.lua"
finished sourcing /nix/store/p3cpz8p3ykz8q8mmp4rpa5mzw6gkkp13-neovim-unwrapped-0.12.1/share/nvim/runtime/plugin/net.lua
sourcing "/nix/store/p3cpz8p3ykz8q8mmp4rpa5mzw6gkkp13-neovim-unwrapped-0.12.1/share/nvim/runtime/plugin/osc52.lua"
finished sourcing /nix/store/p3cpz8p3ykz8q8mmp4rpa5mzw6gkkp13-neovim-unwrapped-0.12.1/share/nvim/runtime/plugin/osc52.lua
sourcing "/nix/store/p3cpz8p3ykz8q8mmp4rpa5mzw6gkkp13-neovim-unwrapped-0.12.1/share/nvim/runtime/plugin/shada.lua"
finished sourcing /nix/store/p3cpz8p3ykz8q8mmp4rpa5mzw6gkkp13-neovim-unwrapped-0.12.1/share/nvim/runtime/plugin/shada.lua
sourcing "/nix/store/p3cpz8p3ykz8q8mmp4rpa5mzw6gkkp13-neovim-unwrapped-0.12.1/share/nvim/runtime/plugin/spellfile.lua"
finished sourcing /nix/store/p3cpz8p3ykz8q8mmp4rpa5mzw6gkkp13-neovim-unwrapped-0.12.1/share/nvim/runtime/plugin/spellfile.lua
not found in 'packpath': "pack/*/start/*"
not found in 'packpath': "start/*"
sourcing "/home/hiengyen/.local/share/nvim/site/pack/core/opt/indent-blankline.nvim/after/plugin/commands.lua"
finished sourcing /home/hiengyen/.local/share/nvim/site/pack/core/opt/indent-blankline.nvim/after/plugin/commands.lua
Reading ShaDa file "/home/hiengyen/.local/state/nvim/shada/main.shada" info marks oldfiles
line 0: sourcing "/home/hiengyen/.local/share/nvim/site/pack/core/opt/codeium.vim/autoload/codeium.vim"
finished sourcing /home/hiengyen/.local/share/nvim/site/pack/core/opt/codeium.vim/autoload/codeium.vim
continuing in BufEnter Autocommands for "*"
line 0: sourcing "/home/hiengyen/.local/share/nvim/site/pack/core/opt/codeium.vim/autoload/codeium/command.vim"
finished sourcing /home/hiengyen/.local/share/nvim/site/pack/core/opt/codeium.vim/autoload/codeium/command.vim
continuing in BufEnter Autocommands for "*"
sourcing "/nix/store/p3cpz8p3ykz8q8mmp4rpa5mzw6gkkp13-neovim-unwrapped-0.12.1/share/nvim/runtime/autoload/provider/clipboard.vim"
finished sourcing /nix/store/p3cpz8p3ykz8q8mmp4rpa5mzw6gkkp13-neovim-unwrapped-0.12.1/share/nvim/runtime/autoload/provider/clipboard.vim
sourcing "nvim_exec2()"
finished sourcing nvim_exec2()
sourcing "nvim_exec2()"
finished sourcing nvim_exec2()
sourcing "nvim_exec2()"
finished sourcing nvim_exec2()
sourcing "nvim_exec2()"
finished sourcing nvim_exec2()
sourcing "nvim_exec2()"
finished sourcing nvim_exec2()
sourcing "nvim_exec2()"
finished sourcing nvim_exec2()
sourcing "nvim_exec2()"
finished sourcing nvim_exec2()
sourcing "nvim_exec2()"
finished sourcing nvim_exec2()
sourcing "nvim_exec2()"
finished sourcing nvim_exec2()
sourcing "nvim_exec2()"
finished sourcing nvim_exec2()
sourcing "nvim_exec2()"
finished sourcing nvim_exec2()
sourcing "nvim_exec2()"
finished sourcing nvim_exec2()
sourcing "nvim_exec2()"
finished sourcing nvim_exec2()
sourcing "nvim_exec2()"
finished sourcing nvim_exec2()
sourcing "nvim_exec2()"
finished sourcing nvim_exec2()
sourcing "nvim_exec2()"
finished sourcing nvim_exec2()
sourcing "nvim_exec2()"
finished sourcing nvim_exec2()
sourcing "nvim_exec2()"
finished sourcing nvim_exec2()
sourcing "nvim_exec2()"
finished sourcing nvim_exec2()
sourcing "nvim_exec2()"
finished sourcing nvim_exec2()
sourcing "nvim_exec2()"
finished sourcing nvim_exec2()
sourcing "/home/hiengyen/.local/share/nvim/site/pack/core/opt/codeium.vim/autoload/codeium/server.vim"
NVIM v0.12.1
Build type: Release
LuaJIT 2.1.1741730670
Vim versions: 8.1, 8.2, 9.0, 9.1, 9.2

   system vimrc file: "$VIM/sysinit.vim"
  fall-back for $VIM: "/nix/store/p3cpz8p3ykz8q8mmp4rpa5mzw6gkkp13-neovim-unwrapped-0.12.1/share/nvim"

Run :checkhealth for more info
finished sourcing /home/hiengyen/.local/share/nvim/site/pack/core/opt/codeium.vim/autoload/codeium/server.vim
line 27: sourcing "/home/hiengyen/.local/share/nvim/site/pack/core/opt/codeium.vim/autoload/codeium/log.vim"
finished sourcing /home/hiengyen/.local/share/nvim/site/pack/core/opt/codeium.vim/autoload/codeium/log.vim
continuing in <SNR>98_ActuallyStart


--- Terminal info --- {{{
&term: xterm-kitty
using terminfo database

Boolean capabilities:
  back_color_erase: false
  truecolor ('Tc' or 'RGB'): true
  extended underline ('Su'): true

Numeric capabilities: (-1 for unknown)
  lines: 24
  columns: 80
  max_colors: 80

String capabilities:
  carriage_return                 = ^M
  change_scroll_region            = ^[[%i%p1%d;%p2%dr
  clear_screen                    = ^[[H^[[2J
  clr_eol                         = ^[[K
  clr_eos                         = ^[[J
  cursor_address                  = ^[[%i%p1%d;%p2%dH
  cursor_down                     = ^@
  cursor_invisible                = ^[[?25l
  cursor_left                     = ^H
  cursor_home                     = ^[[H
  cursor_normal                   = ^[[?12h^[[?25h
  cursor_up                       = ^[[A
  cursor_right                    = ^[[C
  delete_line                     = ^[[M
  enter_bold_mode                 = ^[[1m
  enter_ca_mode                   = ^[[?1049h
  enter_dim_mode                  = ^[[2m
  enter_italics_mode              = ^[[3m
  enter_reverse_mode              = ^[[7m
  enter_standout_mode             = ^[[7m
  enter_underline_mode            = ^[[4m
  erase_chars                     = ^[[%p1%dX
  exit_attribute_mode             = ^[(B^[[m
  exit_ca_mode                    = ^[[?1049l
  from_status_line                = ^G
  insert_line                     = ^[[L
  keypad_local                    = ^[[?1l
  keypad_xmit                     = ^[[?1h
  parm_delete_line                = ^[[%p1%dM
  parm_down_cursor                = ^[[%p1%dB
  parm_insert_line                = ^[[%p1%dL
  parm_left_cursor                = ^[[%p1%dD
  parm_right_cursor               = ^[[%p1%dC
  parm_up_cursor                  = ^[[%p1%dA
  set_a_background                = ^[[%?%p1%{8}%<%t4%p1%d%e%p1%{16}%<%t10%p1%{8}%-%d%e48;5;%p1%d%;m
  set_a_foreground                = ^[[%?%p1%{8}%<%t3%p1%d%e%p1%{16}%<%t9%p1%{8}%-%d%e38;5;%p1%d%;m
  set_attributes                  = %?%p9%t^[(0%e^[(B%;^[[0%?%p6%t;1%;%?%p2%t;4%;%?%p1%p3%|%t;7%;%?%p4%t;5%;%?%p7%t;8%;m
  set_lr_margin                   = ^[[%i%p1%d;%p2%ds
  to_status_line                  = ^[]2;
  reset_cursor_style (Se)         = ^[[2 q
  set_cursor_style (Ss)           = ^[[%p1%d q
  enter_strikethrough_mode (smxx) = ^[[9m
  set_rgb_foreground (setrgbf)    = ^[[38:2:%p1%d:%p2%d:%p3%dm
  set_rgb_background (setrgbb)    = ^[[48:2:%p1%d:%p2%d:%p3%dm
  set_cursor_color (Cs)           = ^[]12;%p1%s^G
  reset_cursor_color (Cr)         = ^[]112^G
  set_underline_style (Smulx)     = ^[[4:%p1%dm
  key_beg                         = ^[OE, key_sbeg = ^[[1;2E
  key_btab                        = ^[[Z
  key_dc                          = ^[[3~, key_sdc = ^[[3;2~
  key_end                         = ^[OF, key_send = ^[[1;2F
  key_home                        = ^[OH, key_shome = ^[[1;2H
  key_ic                          = ^[[2~, key_sic = ^[[2;2~
  key_npage                       = ^[[6~
  key_ppage                       = ^[[5~
  key_undo                        = 
  key_left                        = ^[OD, key_sleft = ^[[1;2D
  key_right                       = ^[OC, key_sright = ^[[1;2C
  key_f2                          = ^[OQ
  key_f3                          = ^[OR
  key_f4                          = ^[OS
  key_f5                          = ^[[15~
  key_f6                          = ^[[17~
  key_f7                          = ^[[18~
  key_f8                          = ^[[19~
  key_f9                          = ^[[20~
  key_f10                         = ^[[21~
  key_f11                         = ^[[23~
  key_f12                         = ^[[24~
  key_f13                         = ^[[1;2P
  key_f14                         = ^[[1;2Q
  key_f15                         = ^[[13;2~
  key_f16                         = ^[[1;2S
  key_f17                         = ^[[15;2~
  key_f18                         = ^[[17;2~
  key_f19                         = ^[[18;2~
  key_f20                         = ^[[19;2~
  key_f21                         = ^[[20;2~
  key_f22                         = ^[[21;2~
  key_f23                         = ^[[23;2~
  key_f24                         = ^[[24;2~
  key_f25                         = ^[[1;5P
  key_f26                         = ^[[1;5Q
  key_f27                         = ^[[13;5~
  key_f28                         = ^[[1;5S
  key_f29                         = ^[[15;5~
  key_f30                         = ^[[17;5~
  key_f31                         = ^[[18;5~
  key_f32                         = ^[[19;5~
  key_f33                         = ^[[20;5~
  key_f34                         = ^[[21;5~
  key_f35                         = ^[[23;5~
  key_f36                         = ^[[24;5~
  key_f37                         = ^[[1;6P
  key_f38                         = ^[[1;6Q
  key_f39                         = ^[[13;6~
  key_f40                         = ^[[1;6S
  key_f41                         = ^[[15;6~
  key_f42                         = ^[[17;6~
  key_f43                         = ^[[18;6~
  key_f44                         = ^[[19;6~
  key_f45                         = ^[[20;6~
  key_f46                         = ^[[21;6~
  key_f47                         = ^[[23;6~
  key_f48                         = ^[[24;6~
  key_f49                         = ^[[1;3P
  key_f50                         = ^[[1;3Q
  key_f51                         = ^[[13;3~
  key_f52                         = ^[[1;3S
  key_f53                         = ^[[15;3~
  key_f54                         = ^[[17;3~
  key_f55                         = ^[[18;3~
  key_f56                         = ^[[19;3~
  key_f57                         = ^[[20;3~
  key_f58                         = ^[[21;3~
  key_f59                         = ^[[23;3~
  key_f60                         = ^[[24;3~
  key_f61                         = ^[[1;4P
  key_f62                         = ^[[1;4Q
  key_f63                         = ^[[13;4~
}}}



Writing ShaDa file "/home/hiengyen/.local/state/nvim/shada/main.shada"